<?xml version="1.0" encoding="UTF-8"?>
<testng-results skipped="0" failed="0" ignored="0" total="3" passed="3">
  <reporter-output>
  </reporter-output>
  <suite name="Suite" duration-ms="1221" started-at="2020-04-09T23:13:30Z" finished-at="2020-04-09T23:13:31Z">
    <groups>
    </groups>
    <test name="Test" duration-ms="1221" started-at="2020-04-09T23:13:30Z" finished-at="2020-04-09T23:13:31Z">
      <class name="org.testing.TestScripts.TC3">
        <test-method status="PASS" signature="testCase3()[pri:0, instance:org.testing.TestScripts.TC3@40e6dfe1]" name="testCase3" duration-ms="20" started-at="2020-04-09T18:13:31Z" finished-at="2020-04-09T18:13:31Z">
          <reporter-output>
          </reporter-output>
        </test-method> <!-- testCase3 -->
      </class> <!-- org.testing.TestScripts.TC3 -->
      <class name="org.testing.TestScripts.TC2">
        <test-method status="PASS" signature="testCase2()[pri:0, instance:org.testing.TestScripts.TC2@2890c451]" name="testCase2" duration-ms="32" started-at="2020-04-09T18:13:31Z" finished-at="2020-04-09T18:13:31Z">
          <reporter-output>
          </reporter-output>
        </test-method> <!-- testCase2 -->
      </class> <!-- org.testing.TestScripts.TC2 -->
      <class name="org.testing.TestScripts.TC1">
        <test-method status="PASS" signature="testCase1()[pri:0, instance:org.testing.TestScripts.TC1@341b80b2]" name="testCase1" duration-ms="1149" started-at="2020-04-09T18:13:30Z" finished-at="2020-04-09T18:13:31Z">
          <reporter-output>
          </reporter-output>
        </test-method> <!-- testCase1 -->
      </class> <!-- org.testing.TestScripts.TC1 -->
    </test> <!-- Test -->
  </suite> <!-- Suite -->
</testng-results>
