<?xml version="1.0" encoding="UTF-8"?>
<testng-results skipped="0" failed="0" ignored="0" total="1" passed="1">
  <reporter-output>
  </reporter-output>
  <suite name="Suite" duration-ms="31" started-at="2020-05-10T00:36:11Z" finished-at="2020-05-10T00:36:11Z">
    <groups>
    </groups>
    <test name="Test" duration-ms="31" started-at="2020-05-10T00:36:11Z" finished-at="2020-05-10T00:36:11Z">
      <class name="GitHubJenkinsTutorial.JenkinsTutorial.Class1">
        <test-method status="PASS" signature="Method2()[pri:0, instance:GitHubJenkinsTutorial.JenkinsTutorial.Class1@c540f5a]" name="Method2" is-config="true" duration-ms="15" started-at="2020-05-10T00:36:11Z" finished-at="2020-05-10T00:36:11Z">
          <reporter-output>
          </reporter-output>
        </test-method> <!-- Method2 -->
        <test-method status="PASS" signature="Method1()[pri:0, instance:GitHubJenkinsTutorial.JenkinsTutorial.Class1@c540f5a]" name="Method1" duration-ms="0" started-at="2020-05-10T00:36:11Z" finished-at="2020-05-10T00:36:11Z">
          <reporter-output>
          </reporter-output>
        </test-method> <!-- Method1 -->
        <test-method status="PASS" signature="Method3()[pri:0, instance:GitHubJenkinsTutorial.JenkinsTutorial.Class1@c540f5a]" name="Method3" is-config="true" duration-ms="0" started-at="2020-05-10T00:36:11Z" finished-at="2020-05-10T00:36:11Z">
          <reporter-output>
          </reporter-output>
        </test-method> <!-- Method3 -->
      </class> <!-- GitHubJenkinsTutorial.JenkinsTutorial.Class1 -->
    </test> <!-- Test -->
  </suite> <!-- Suite -->
</testng-results>
