<?xml version="1.0" encoding="UTF-8"?>
<!-- Generated by org.testng.reporters.JUnitXMLReporter -->
<testsuite hostname="DESKTOP-IKEEKOB" ignored="0" name="Test" tests="3" failures="0" timestamp="09 Apr 2020 23:13:31 GMT" time="1.221" errors="0">
  <testcase name="testCase1" time="1.149" classname="org.testing.TestScripts.TC1"/>
  <testcase name="testCase2" time="0.032" classname="org.testing.TestScripts.TC2"/>
  <testcase name="testCase3" time="0.02" classname="org.testing.TestScripts.TC3"/>
</testsuite> <!-- Test -->
