<?xml version="1.0" encoding="UTF-8"?>
<testng-results skipped="0" failed="0" ignored="0" total="1" passed="1">
  <reporter-output>
  </reporter-output>
  <suite name="Default suite" duration-ms="30" started-at="2020-05-14T20:55:34Z" finished-at="2020-05-14T20:55:34Z">
    <groups>
    </groups>
    <test name="Default test" duration-ms="30" started-at="2020-05-14T20:55:34Z" finished-at="2020-05-14T20:55:34Z">
      <class name="GitHubJenkinsTutorial.JenkinsTutorial.Class1">
        <test-method status="PASS" signature="Method1()[pri:0, instance:GitHubJenkinsTutorial.JenkinsTutorial.Class1@5c1a8622]" name="Method1" duration-ms="9" started-at="2020-05-14T20:55:34Z" finished-at="2020-05-14T20:55:34Z">
          <reporter-output>
          </reporter-output>
        </test-method> <!-- Method1 -->
      </class> <!-- GitHubJenkinsTutorial.JenkinsTutorial.Class1 -->
    </test> <!-- Default test -->
  </suite> <!-- Default suite -->
</testng-results>
